<?xml version="1.0" encoding="UTF-8"?>
<!-- Generated by org.testng.reporters.JUnitXMLReporter -->
<testsuite ignored="0" hostname="LAPTOP-4PL5PKRP" failures="0" tests="3" name="Default test" time="48.686" errors="0" timestamp="25 Sep 2023 12:28:42 GMT">
  <testcase classname="factory.GoogleSearchTest" name="searchTest" time="12.814"/>
  <testcase classname="factory.GoogleSearchTest" name="searchTest" time="15.162"/>
  <testcase classname="factory.GoogleSearchTest" name="searchTest" time="11.382"/>
</testsuite> <!-- Default test -->
