<?xml version="1.0" encoding="UTF-8"?>
<testng-results ignored="0" total="3" passed="3" failed="0" skipped="0">
  <reporter-output>
  </reporter-output>
  <suite started-at="2023-09-25T12:27:53Z" name="Default suite" finished-at="2023-09-25T12:28:42Z" duration-ms="48686">
    <groups>
    </groups>
    <test started-at="2023-09-25T12:27:53Z" name="Default test" finished-at="2023-09-25T12:28:42Z" duration-ms="48686">
      <class name="factory.GoogleSearchTest">
        <test-method is-config="true" signature="cofigBrowser()[pri:0, instance:factory.GoogleSearchTest@2657d4dd]" started-at="2023-09-25T12:27:53Z" name="cofigBrowser" finished-at="2023-09-25T12:27:59Z" duration-ms="5882" status="PASS">
          <reporter-output>
          </reporter-output>
        </test-method> <!-- cofigBrowser -->
        <test-method signature="searchTest(java.lang.String, java.lang.String)[pri:0, instance:factory.GoogleSearchTest@2657d4dd]" started-at="2023-09-25T12:27:59Z" name="searchTest" data-provider="getData" finished-at="2023-09-25T12:28:12Z" duration-ms="12814" status="PASS">
          <params>
            <param index="0">
              <value>
                <![CDATA[Selenium]]>
              </value>
            </param>
            <param index="1">
              <value>
                <![CDATA[ENG]]>
              </value>
            </param>
          </params>
          <reporter-output>
          </reporter-output>
        </test-method> <!-- searchTest -->
        <test-method signature="searchTest(java.lang.String, java.lang.String)[pri:0, instance:factory.GoogleSearchTest@2657d4dd]" started-at="2023-09-25T12:28:12Z" name="searchTest" data-provider="getData" finished-at="2023-09-25T12:28:27Z" duration-ms="15162" status="PASS">
          <params>
            <param index="0">
              <value>
                <![CDATA[Java]]>
              </value>
            </param>
            <param index="1">
              <value>
                <![CDATA[FR]]>
              </value>
            </param>
          </params>
          <reporter-output>
          </reporter-output>
        </test-method> <!-- searchTest -->
        <test-method signature="searchTest(java.lang.String, java.lang.String)[pri:0, instance:factory.GoogleSearchTest@2657d4dd]" started-at="2023-09-25T12:28:27Z" name="searchTest" data-provider="getData" finished-at="2023-09-25T12:28:38Z" duration-ms="11382" status="PASS">
          <params>
            <param index="0">
              <value>
                <![CDATA[Python]]>
              </value>
            </param>
            <param index="1">
              <value>
                <![CDATA[SA]]>
              </value>
            </param>
          </params>
          <reporter-output>
          </reporter-output>
        </test-method> <!-- searchTest -->
        <test-method is-config="true" signature="closeBroswer()[pri:0, instance:factory.GoogleSearchTest@2657d4dd]" started-at="2023-09-25T12:28:38Z" name="closeBroswer" finished-at="2023-09-25T12:28:42Z" duration-ms="3407" status="PASS">
          <reporter-output>
          </reporter-output>
        </test-method> <!-- closeBroswer -->
      </class> <!-- factory.GoogleSearchTest -->
    </test> <!-- Default test -->
  </suite> <!-- Default suite -->
</testng-results>
